2026-05-11 15:38:50.899 WARNING streamlit.runtime.scriptrunner_utils.script_run_context: Thread 'MainThread': missing ScriptRunContext! This warning can be ignored when running in bare mode.
2026-05-11 15:38:50.968
  [33m[1mWarning:[0m to view this Streamlit app on a browser, run it with the following
  command:

    streamlit run local_app.py [ARGUMENTS]
2026-05-11 15:38:50.968 Thread 'MainThread': missing ScriptRunContext! This warning can be ignored when running in bare mode.
2026-05-11 15:38:50.968 Thread 'MainThread': missing ScriptRunContext! This warning can be ignored when running in bare mode.
2026-05-11 15:38:50.968 Thread 'MainThread': missing ScriptRunContext! This warning can be ignored when running in bare mode.
2026-05-11 15:38:50.969 Thread 'MainThread': missing ScriptRunContext! This warning can be ignored when running in bare mode.
2026-05-11 15:38:50.969 Thread 'MainThread': missing ScriptRunContext! This warning can be ignored when running in bare mode.
2026-05-11 15:38:50.969 Thread 'MainThread': missing ScriptRunContext! This warning can be ignored when running in bare mode.
2026-05-11 15:38:50.969 Session state does not function when running a script without `streamlit run`
2026-05-11 15:38:50.969 Thread 'MainThread': missing ScriptRunContext! This warning can be ignored when running in bare mode.
2026-05-11 15:38:50.969 Thread 'MainThread': missing ScriptRunContext! This warning can be ignored when running in bare mode.
2026-05-11 15:38:50.969 Thread 'MainThread': missing ScriptRunContext! This warning can be ignored when running in bare mode.
2026-05-11 15:38:50.969 Thread 'MainThread': missing ScriptRunContext! This warning can be ignored when running in bare mode.
2026-05-11 15:38:50.969 Thread 'MainThread': missing ScriptRunContext! This warning can be ignored when running in bare mode.
2026-05-11 15:38:50.969 Thread 'MainThread': missing ScriptRunContext! This warning can be ignored when running in bare mode.
2026-05-11 15:38:50.969 Thread 'MainThread': missing ScriptRunContext! This warning can be ignored when running in bare mode.
2026-05-11 15:38:50.969 Thread 'MainThread': missing ScriptRunContext! This warning can be ignored when running in bare mode.
2026-05-11 15:38:50.969 Thread 'MainThread': missing ScriptRunContext! This warning can be ignored when running in bare mode.
